
> home-page@0.0.1 start
> astro dev

14:22:46 [types] Generated 1ms

 astro  v4.16.19 ready in 438 ms

┃ Local    http://localhost:4321/
┃ Network  use --host to expose

14:22:46 watching for file changes...
14:23:26 [200] /dashboard 148ms
14:23:51 [200] /login 6ms
[Auth] Debug - Username from env: admin
[Auth] Debug - Password configured: true
[Auth] Debug - Login attempt for: admin
[Auth] Debug - Login result: SUCCESS
[Auth] Debug - Setting cookie, secure: false
[Auth] Debug - Cookie name: auth_session
[Auth] Debug - Token created: true
[Auth] Debug - Cookie set successfully
14:23:51 [200] POST /api/auth/login 5ms
14:23:51 [200] /services 9ms
[RSS] Debug - Feed URLs configured: false
14:23:51 [200] /api/feeds/rss 3ms
[YouTube] Debug - Channel IDs configured: false
14:23:51 [200] /api/feeds/youtube 2ms
[Reddit] Debug - Subreddits configured: false
14:23:51 [200] /api/feeds/reddit 1ms
14:24:58 [200] /login 5ms
[Auth] Debug - Username from env: admin
[Auth] Debug - Password configured: true
[Auth] Debug - Login attempt for: admin
[Auth] Debug - Login result: SUCCESS
[Auth] Debug - Setting cookie, secure: false
[Auth] Debug - Cookie name: auth_session
[Auth] Debug - Token created: true
[Auth] Debug - Cookie set successfully
14:24:59 [200] POST /api/auth/login 2ms
14:24:59 [200] /services 5ms
[RSS] Debug - Feed URLs configured: false
14:24:59 [200] /api/feeds/rss 1ms
[Reddit] Debug - Subreddits configured: false
14:24:59 [200] /api/feeds/reddit 1ms
[YouTube] Debug - Channel IDs configured: false
14:24:59 [200] /api/feeds/youtube 0ms
[AdGuard] Debug - URL: http://localhost:3000
[AdGuard] Debug - Username configured: false
[AdGuard] Debug - Password configured: false
14:24:59 [200] /api/adguard 1ms
[HomeAssistant] Debug - URL: http://localhost:8123
[HomeAssistant] Debug - Token configured: false
14:24:59 [200] /api/homeassistant 1ms
[TrueNAS] Debug - URL: http://localhost:80
[TrueNAS] Debug - API Key configured: false
14:24:59 [200] /api/truenas 1ms
[Portainer] Debug - URL: http://localhost:9000
[Portainer] Debug - API Key configured: false
14:24:59 [200] /api/portainer 1ms
[Proxmox] Debug - URL: https://localhost:8006
[Proxmox] Debug - Token ID configured: false
[Proxmox] Debug - Token Secret configured: false
14:24:59 [200] /api/proxmox 1ms
[Jellyfin] Debug - URL: http://localhost:8096
[Jellyfin] Debug - API Key configured: false
14:24:59 [200] /api/jellyfin 1ms
[qBittorrent] Debug - URL: http://localhost:8080
[qBittorrent] Debug - Username configured: false
[qBittorrent] Debug - Password configured: false
14:25:00 [200] /api/qbittorrent 1ms
[Immich] Debug - URL: http://localhost:2283
[Immich] Debug - API Key configured: false
14:25:00 [200] /api/immich 1ms
[Sonarr] Debug - URL: http://localhost:8989
[Sonarr] Debug - API Key configured: false
14:25:00 [200] /api/sonarr 1ms
[Radarr] Debug - URL: http://localhost:7878
[Radarr] Debug - API Key configured: false
14:25:00 [200] /api/radarr 1ms
[Jellyseerr] Debug - URL: http://localhost:5055
[Jellyseerr] Debug - API Key configured: false
14:25:00 [200] /api/jellyseerr 1ms
14:25:41 [200] /dashboard 9ms
14:26:40 [200] /dashboard 5ms
14:27:07 [200] /login 4ms
[Auth] Debug - Username from env: admin
[Auth] Debug - Password configured: true
[Auth] Debug - Login attempt for: admin
[Auth] Debug - Login result: SUCCESS
[Auth] Debug - Setting cookie, secure: false
[Auth] Debug - Cookie name: auth_session
[Auth] Debug - Token created: true
[Auth] Debug - Cookie set successfully
14:27:08 [200] POST /api/auth/login 1ms
14:27:08 [200] /services 5ms
[RSS] Debug - Feed URLs configured: false
14:27:08 [200] /api/feeds/rss 4ms
[Reddit] Debug - Subreddits configured: false
14:27:08 [200] /api/feeds/reddit 2ms
[YouTube] Debug - Channel IDs configured: false
14:27:08 [200] /api/feeds/youtube 2ms
14:27:10 [200] /services 5ms
[RSS] Debug - Feed URLs configured: false
14:27:10 [200] /api/feeds/rss 1ms
[Reddit] Debug - Subreddits configured: false
14:27:10 [200] /api/feeds/reddit 1ms
[YouTube] Debug - Channel IDs configured: false
14:27:10 [200] /api/feeds/youtube 1ms
